chatbot.php execution started at 2025-12-08 09:34:59
{
    "timestamp": "2025-12-08 09:34:59",
    "action": "product_inquiry",
    "entities": {
        "brands": [],
        "product_type": [
            "điện thoại"
        ],
        "features": []
    },
    "context": {
        "userIntent": null,
        "lastProducts": [],
        "focusedProduct": null,
        "priceRange": null,
        "userPreferences": [],
        "lastProductType": null
    },
    "ip": "::1"
}
chatbot.php execution started at 2025-12-17 15:59:39
{
    "timestamp": "2025-12-17 15:59:39",
    "action": "product_inquiry",
    "entities": {
        "brands": [],
        "product_type": [
            "pc"
        ],
        "features": []
    },
    "context": {
        "userIntent": null,
        "lastProducts": [],
        "focusedProduct": null,
        "priceRange": null,
        "userPreferences": [],
        "lastProductType": null
    },
    "ip": "::1"
}
